<?xml version="1.0" encoding="UTF-8"?>
<!-- Generated by org.testng.reporters.JUnitReportReporter -->
<testsuite hostname="WIN-R6QNSEN5OV6" name="com.test1.Sanitytest" tests="1" failures="0" timestamp="28 Nov 2018 07:24:48 GMT" time="148.615" errors="0">
  <testcase name="testEmpLogin" time="148.615" classname="com.test1.Sanitytest"/>
</testsuite> <!-- com.test1.Sanitytest -->
